CRITICAL - 2024-03-02 11:22:19 --> ErrorException: ini_set(): A session is active. You cannot change the session module's ini settings at this time
in SYSTEMPATH\Session\Handlers\FileHandler.php on line 72.
 1 [internal function]: CodeIgniter\Debug\Exceptions->errorHandler(2, 'ini_set(): A session is active. You cannot change the session module\'s ini settings at this time', 'D:\\WAMPP\\htdocs\\codeigniter4\\system\\Session\\Handlers\\FileHandler.php', 72, [...])
 2 SYSTEMPATH\Session\Handlers\FileHandler.php(72): ini_set('session.save_path', 'D:\\WAMPP\\htdocs\\codeigniter4\\writable\\session')
 3 SYSTEMPATH\Config\Services.php(686): CodeIgniter\Session\Handlers\FileHandler->__construct(Object(Config\Session), '::1')
 4 SYSTEMPATH\Config\BaseService.php(258): CodeIgniter\Config\Services::session(Object(Config\Session), false)
 5 SYSTEMPATH\Config\BaseService.php(199): CodeIgniter\Config\BaseService::__callStatic('session', [...])
 6 SYSTEMPATH\Config\Services.php(664): CodeIgniter\Config\BaseService::getSharedInstance('session', null)
 7 SYSTEMPATH\Config\BaseService.php(258): CodeIgniter\Config\Services::session()
 8 SYSTEMPATH\Common.php(982): CodeIgniter\Config\BaseService::__callStatic('session', [])
 9 SYSTEMPATH\CodeIgniter.php(1068): session()
10 SYSTEMPATH\CodeIgniter.php(549): CodeIgniter\CodeIgniter->storePreviousURL(Object(CodeIgniter\HTTP\SiteURI))
11 SYSTEMPATH\CodeIgniter.php(361): CodeIgniter\CodeIgniter->handleRequest(null, Object(Config\Cache), false)
12 FCPATH\index.php(79): CodeIgniter\CodeIgniter->run()
CRITICAL - 2024-03-02 11:22:20 --> ErrorException: ini_set(): A session is active. You cannot change the session module's ini settings at this time
in SYSTEMPATH\Session\Handlers\FileHandler.php on line 72.
 1 [internal function]: CodeIgniter\Debug\Exceptions->errorHandler(2, 'ini_set(): A session is active. You cannot change the session module\'s ini settings at this time', 'D:\\WAMPP\\htdocs\\codeigniter4\\system\\Session\\Handlers\\FileHandler.php', 72, [...])
 2 SYSTEMPATH\Session\Handlers\FileHandler.php(72): ini_set('session.save_path', 'D:\\WAMPP\\htdocs\\codeigniter4\\writable\\session')
 3 SYSTEMPATH\Config\Services.php(686): CodeIgniter\Session\Handlers\FileHandler->__construct(Object(Config\Session), '::1')
 4 SYSTEMPATH\Config\BaseService.php(258): CodeIgniter\Config\Services::session(Object(Config\Session), false)
 5 SYSTEMPATH\Config\BaseService.php(199): CodeIgniter\Config\BaseService::__callStatic('session', [...])
 6 SYSTEMPATH\Config\Services.php(664): CodeIgniter\Config\BaseService::getSharedInstance('session', null)
 7 SYSTEMPATH\Config\BaseService.php(258): CodeIgniter\Config\Services::session()
 8 SYSTEMPATH\Common.php(982): CodeIgniter\Config\BaseService::__callStatic('session', [])
 9 SYSTEMPATH\CodeIgniter.php(1068): session()
10 SYSTEMPATH\CodeIgniter.php(549): CodeIgniter\CodeIgniter->storePreviousURL(Object(CodeIgniter\HTTP\SiteURI))
11 SYSTEMPATH\CodeIgniter.php(361): CodeIgniter\CodeIgniter->handleRequest(null, Object(Config\Cache), false)
12 FCPATH\index.php(79): CodeIgniter\CodeIgniter->run()
CRITICAL - 2024-03-02 11:22:44 --> ErrorException: ini_set(): A session is active. You cannot change the session module's ini settings at this time
in SYSTEMPATH\Session\Handlers\FileHandler.php on line 72.
 1 [internal function]: CodeIgniter\Debug\Exceptions->errorHandler(2, 'ini_set(): A session is active. You cannot change the session module\'s ini settings at this time', 'D:\\WAMPP\\htdocs\\codeigniter4\\system\\Session\\Handlers\\FileHandler.php', 72, [...])
 2 SYSTEMPATH\Session\Handlers\FileHandler.php(72): ini_set('session.save_path', 'D:\\WAMPP\\htdocs\\codeigniter4\\writable\\session')
 3 SYSTEMPATH\Config\Services.php(686): CodeIgniter\Session\Handlers\FileHandler->__construct(Object(Config\Session), '::1')
 4 SYSTEMPATH\Config\BaseService.php(258): CodeIgniter\Config\Services::session(Object(Config\Session), false)
 5 SYSTEMPATH\Config\BaseService.php(199): CodeIgniter\Config\BaseService::__callStatic('session', [...])
 6 SYSTEMPATH\Config\Services.php(664): CodeIgniter\Config\BaseService::getSharedInstance('session', null)
 7 SYSTEMPATH\Config\BaseService.php(258): CodeIgniter\Config\Services::session()
 8 SYSTEMPATH\Common.php(982): CodeIgniter\Config\BaseService::__callStatic('session', [])
 9 SYSTEMPATH\CodeIgniter.php(1068): session()
10 SYSTEMPATH\CodeIgniter.php(549): CodeIgniter\CodeIgniter->storePreviousURL(Object(CodeIgniter\HTTP\SiteURI))
11 SYSTEMPATH\CodeIgniter.php(361): CodeIgniter\CodeIgniter->handleRequest(null, Object(Config\Cache), false)
12 FCPATH\index.php(79): CodeIgniter\CodeIgniter->run()
CRITICAL - 2024-03-02 11:23:12 --> ErrorException: session_start(): A session had already been started - ignoring
in APPPATH\Views\navbar.php on line 2.
 1 [internal function]: CodeIgniter\Debug\Exceptions->errorHandler(8, 'session_start(): A session had already been started - ignoring', 'D:\\WAMPP\\htdocs\\codeigniter4\\app\\Views\\navbar.php', 2, [...])
 2 APPPATH\Views\navbar.php(2): session_start()
 3 APPPATH\Views\index.php(44): include('D:\\WAMPP\\htdocs\\codeigniter4\\app\\Views\\navbar.php')
 4 SYSTEMPATH\View\View.php(228): include('D:\\WAMPP\\htdocs\\codeigniter4\\app\\Views\\index.php')
 5 SYSTEMPATH\View\View.php(231): CodeIgniter\View\View->CodeIgniter\View\{closure}()
 6 SYSTEMPATH\Common.php(1178): CodeIgniter\View\View->render('index', [], true)
 7 APPPATH\Controllers\Home.php(9): view('index')
 8 SYSTEMPATH\CodeIgniter.php(941): App\Controllers\Home->index()
 9 SYSTEMPATH\CodeIgniter.php(502): CodeIgniter\CodeIgniter->runController(Object(App\Controllers\Home))
10 SYSTEMPATH\CodeIgniter.php(361): CodeIgniter\CodeIgniter->handleRequest(null, Object(Config\Cache), false)
11 FCPATH\index.php(79): CodeIgniter\CodeIgniter->run()
CRITICAL - 2024-03-02 11:23:59 --> ErrorException: ini_set(): A session is active. You cannot change the session module's ini settings at this time
in SYSTEMPATH\Session\Handlers\FileHandler.php on line 72.
 1 [internal function]: CodeIgniter\Debug\Exceptions->errorHandler(2, 'ini_set(): A session is active. You cannot change the session module\'s ini settings at this time', 'D:\\WAMPP\\htdocs\\codeigniter4\\system\\Session\\Handlers\\FileHandler.php', 72, [...])
 2 SYSTEMPATH\Session\Handlers\FileHandler.php(72): ini_set('session.save_path', 'D:\\WAMPP\\htdocs\\codeigniter4\\writable\\session')
 3 SYSTEMPATH\Config\Services.php(686): CodeIgniter\Session\Handlers\FileHandler->__construct(Object(Config\Session), '::1')
 4 SYSTEMPATH\Config\BaseService.php(258): CodeIgniter\Config\Services::session(Object(Config\Session), false)
 5 SYSTEMPATH\Config\BaseService.php(199): CodeIgniter\Config\BaseService::__callStatic('session', [...])
 6 SYSTEMPATH\Config\Services.php(664): CodeIgniter\Config\BaseService::getSharedInstance('session', null)
 7 SYSTEMPATH\Config\BaseService.php(258): CodeIgniter\Config\Services::session()
 8 SYSTEMPATH\Common.php(982): CodeIgniter\Config\BaseService::__callStatic('session', [])
 9 SYSTEMPATH\CodeIgniter.php(1068): session()
10 SYSTEMPATH\CodeIgniter.php(549): CodeIgniter\CodeIgniter->storePreviousURL(Object(CodeIgniter\HTTP\SiteURI))
11 SYSTEMPATH\CodeIgniter.php(361): CodeIgniter\CodeIgniter->handleRequest(null, Object(Config\Cache), false)
12 FCPATH\index.php(79): CodeIgniter\CodeIgniter->run()
CRITICAL - 2024-03-02 11:25:27 --> ErrorException: ini_set(): A session is active. You cannot change the session module's ini settings at this time
in SYSTEMPATH\Session\Handlers\FileHandler.php on line 72.
 1 [internal function]: CodeIgniter\Debug\Exceptions->errorHandler(2, 'ini_set(): A session is active. You cannot change the session module\'s ini settings at this time', 'D:\\WAMPP\\htdocs\\codeigniter4\\system\\Session\\Handlers\\FileHandler.php', 72, [...])
 2 SYSTEMPATH\Session\Handlers\FileHandler.php(72): ini_set('session.save_path', 'D:\\WAMPP\\htdocs\\codeigniter4\\writable\\session')
 3 SYSTEMPATH\Config\Services.php(686): CodeIgniter\Session\Handlers\FileHandler->__construct(Object(Config\Session), '::1')
 4 SYSTEMPATH\Config\BaseService.php(258): CodeIgniter\Config\Services::session(Object(Config\Session), false)
 5 SYSTEMPATH\Config\BaseService.php(199): CodeIgniter\Config\BaseService::__callStatic('session', [...])
 6 SYSTEMPATH\Config\Services.php(664): CodeIgniter\Config\BaseService::getSharedInstance('session', null)
 7 SYSTEMPATH\Config\BaseService.php(258): CodeIgniter\Config\Services::session()
 8 SYSTEMPATH\Common.php(982): CodeIgniter\Config\BaseService::__callStatic('session', [])
 9 SYSTEMPATH\CodeIgniter.php(1068): session()
10 SYSTEMPATH\CodeIgniter.php(549): CodeIgniter\CodeIgniter->storePreviousURL(Object(CodeIgniter\HTTP\SiteURI))
11 SYSTEMPATH\CodeIgniter.php(361): CodeIgniter\CodeIgniter->handleRequest(null, Object(Config\Cache), false)
12 FCPATH\index.php(79): CodeIgniter\CodeIgniter->run()
CRITICAL - 2024-03-02 11:26:53 --> ErrorException: include(D:\WAMPP\htdocs\codeigniter4\app\Views/navbar.php): failed to open stream: No such file or directory
in APPPATH\Views\index.php on line 37.
 1 APPPATH\Views\index.php(37): CodeIgniter\Debug\Exceptions->errorHandler(2, 'include(D:\\WAMPP\\htdocs\\codeigniter4\\app\\Views/navbar.php): failed to open stream: No such file or directory', 'D:\\WAMPP\\htdocs\\codeigniter4\\app\\Views\\index.php', 37, [])
 2 APPPATH\Views\index.php(37): include()
 3 SYSTEMPATH\View\View.php(228): include('D:\\WAMPP\\htdocs\\codeigniter4\\app\\Views\\index.php')
 4 SYSTEMPATH\View\View.php(231): CodeIgniter\View\View->CodeIgniter\View\{closure}()
 5 SYSTEMPATH\Common.php(1178): CodeIgniter\View\View->render('index', [], true)
 6 APPPATH\Controllers\Home.php(9): view('index')
 7 SYSTEMPATH\CodeIgniter.php(941): App\Controllers\Home->index()
 8 SYSTEMPATH\CodeIgniter.php(502): CodeIgniter\CodeIgniter->runController(Object(App\Controllers\Home))
 9 SYSTEMPATH\CodeIgniter.php(361): CodeIgniter\CodeIgniter->handleRequest(null, Object(Config\Cache), false)
10 FCPATH\index.php(79): CodeIgniter\CodeIgniter->run()
CRITICAL - 2024-03-02 11:27:03 --> ErrorException: include(D:\WAMPP\htdocs\codeigniter4\app\Views/navbar.php): failed to open stream: No such file or directory
in APPPATH\Views\index.php on line 37.
 1 APPPATH\Views\index.php(37): CodeIgniter\Debug\Exceptions->errorHandler(2, 'include(D:\\WAMPP\\htdocs\\codeigniter4\\app\\Views/navbar.php): failed to open stream: No such file or directory', 'D:\\WAMPP\\htdocs\\codeigniter4\\app\\Views\\index.php', 37, [])
 2 APPPATH\Views\index.php(37): include()
 3 SYSTEMPATH\View\View.php(228): include('D:\\WAMPP\\htdocs\\codeigniter4\\app\\Views\\index.php')
 4 SYSTEMPATH\View\View.php(231): CodeIgniter\View\View->CodeIgniter\View\{closure}()
 5 SYSTEMPATH\Common.php(1178): CodeIgniter\View\View->render('index', [], true)
 6 APPPATH\Controllers\Home.php(9): view('index')
 7 SYSTEMPATH\CodeIgniter.php(941): App\Controllers\Home->index()
 8 SYSTEMPATH\CodeIgniter.php(502): CodeIgniter\CodeIgniter->runController(Object(App\Controllers\Home))
 9 SYSTEMPATH\CodeIgniter.php(361): CodeIgniter\CodeIgniter->handleRequest(null, Object(Config\Cache), false)
10 FCPATH\index.php(79): CodeIgniter\CodeIgniter->run()
CRITICAL - 2024-03-02 11:27:04 --> ErrorException: include(D:\WAMPP\htdocs\codeigniter4\app\Views/navbar.php): failed to open stream: No such file or directory
in APPPATH\Views\index.php on line 37.
 1 APPPATH\Views\index.php(37): CodeIgniter\Debug\Exceptions->errorHandler(2, 'include(D:\\WAMPP\\htdocs\\codeigniter4\\app\\Views/navbar.php): failed to open stream: No such file or directory', 'D:\\WAMPP\\htdocs\\codeigniter4\\app\\Views\\index.php', 37, [])
 2 APPPATH\Views\index.php(37): include()
 3 SYSTEMPATH\View\View.php(228): include('D:\\WAMPP\\htdocs\\codeigniter4\\app\\Views\\index.php')
 4 SYSTEMPATH\View\View.php(231): CodeIgniter\View\View->CodeIgniter\View\{closure}()
 5 SYSTEMPATH\Common.php(1178): CodeIgniter\View\View->render('index', [], true)
 6 APPPATH\Controllers\Home.php(9): view('index')
 7 SYSTEMPATH\CodeIgniter.php(941): App\Controllers\Home->index()
 8 SYSTEMPATH\CodeIgniter.php(502): CodeIgniter\CodeIgniter->runController(Object(App\Controllers\Home))
 9 SYSTEMPATH\CodeIgniter.php(361): CodeIgniter\CodeIgniter->handleRequest(null, Object(Config\Cache), false)
10 FCPATH\index.php(79): CodeIgniter\CodeIgniter->run()
CRITICAL - 2024-03-02 11:33:24 --> ErrorException: include(D:\WAMPP\htdocs\codeigniter4\app\Views/navbar.php): failed to open stream: No such file or directory
in APPPATH\Views\index.php on line 37.
 1 APPPATH\Views\index.php(37): CodeIgniter\Debug\Exceptions->errorHandler(2, 'include(D:\\WAMPP\\htdocs\\codeigniter4\\app\\Views/navbar.php): failed to open stream: No such file or directory', 'D:\\WAMPP\\htdocs\\codeigniter4\\app\\Views\\index.php', 37, [])
 2 APPPATH\Views\index.php(37): include()
 3 SYSTEMPATH\View\View.php(228): include('D:\\WAMPP\\htdocs\\codeigniter4\\app\\Views\\index.php')
 4 SYSTEMPATH\View\View.php(231): CodeIgniter\View\View->CodeIgniter\View\{closure}()
 5 SYSTEMPATH\Common.php(1178): CodeIgniter\View\View->render('index', [], true)
 6 APPPATH\Controllers\Home.php(9): view('index')
 7 SYSTEMPATH\CodeIgniter.php(941): App\Controllers\Home->index()
 8 SYSTEMPATH\CodeIgniter.php(502): CodeIgniter\CodeIgniter->runController(Object(App\Controllers\Home))
 9 SYSTEMPATH\CodeIgniter.php(361): CodeIgniter\CodeIgniter->handleRequest(null, Object(Config\Cache), false)
10 FCPATH\index.php(79): CodeIgniter\CodeIgniter->run()
CRITICAL - 2024-03-02 11:34:57 --> CodeIgniter\View\Exceptions\ViewException: Invalid file: "navbar.php"
in SYSTEMPATH\Exceptions\FrameworkException.php on line 39.
 1 SYSTEMPATH\View\View.php(216): CodeIgniter\Exceptions\FrameworkException::forInvalidFile('navbar.php')
 2 SYSTEMPATH\Common.php(1178): CodeIgniter\View\View->render('navbar', [], true)
 3 APPPATH\Views\index.php(37): view('navbar')
 4 SYSTEMPATH\View\View.php(228): include('D:\\WAMPP\\htdocs\\codeigniter4\\app\\Views\\index.php')
 5 SYSTEMPATH\View\View.php(231): CodeIgniter\View\View->CodeIgniter\View\{closure}()
 6 SYSTEMPATH\Common.php(1178): CodeIgniter\View\View->render('index', [], true)
 7 APPPATH\Controllers\Home.php(9): view('index')
 8 SYSTEMPATH\CodeIgniter.php(941): App\Controllers\Home->index()
 9 SYSTEMPATH\CodeIgniter.php(502): CodeIgniter\CodeIgniter->runController(Object(App\Controllers\Home))
10 SYSTEMPATH\CodeIgniter.php(361): CodeIgniter\CodeIgniter->handleRequest(null, Object(Config\Cache), false)
11 FCPATH\index.php(79): CodeIgniter\CodeIgniter->run()
CRITICAL - 2024-03-02 12:40:22 --> ErrorException: ini_set(): A session is active. You cannot change the session module's ini settings at this time
in SYSTEMPATH\Session\Handlers\FileHandler.php on line 72.
 1 [internal function]: CodeIgniter\Debug\Exceptions->errorHandler(2, 'ini_set(): A session is active. You cannot change the session module\'s ini settings at this time', 'D:\\WAMPP\\htdocs\\codeigniter4\\system\\Session\\Handlers\\FileHandler.php', 72, [...])
 2 SYSTEMPATH\Session\Handlers\FileHandler.php(72): ini_set('session.save_path', 'D:\\WAMPP\\htdocs\\codeigniter4\\writable\\session')
 3 SYSTEMPATH\Config\Services.php(686): CodeIgniter\Session\Handlers\FileHandler->__construct(Object(Config\Session), '::1')
 4 SYSTEMPATH\Config\BaseService.php(258): CodeIgniter\Config\Services::session(Object(Config\Session), false)
 5 SYSTEMPATH\Config\BaseService.php(199): CodeIgniter\Config\BaseService::__callStatic('session', [...])
 6 SYSTEMPATH\Config\Services.php(664): CodeIgniter\Config\BaseService::getSharedInstance('session', null)
 7 SYSTEMPATH\Config\BaseService.php(258): CodeIgniter\Config\Services::session()
 8 SYSTEMPATH\Common.php(982): CodeIgniter\Config\BaseService::__callStatic('session', [])
 9 SYSTEMPATH\CodeIgniter.php(1068): session()
10 SYSTEMPATH\CodeIgniter.php(549): CodeIgniter\CodeIgniter->storePreviousURL(Object(CodeIgniter\HTTP\SiteURI))
11 SYSTEMPATH\CodeIgniter.php(361): CodeIgniter\CodeIgniter->handleRequest(null, Object(Config\Cache), false)
12 FCPATH\index.php(79): CodeIgniter\CodeIgniter->run()
CRITICAL - 2024-03-02 12:41:47 --> ErrorException: ini_set(): A session is active. You cannot change the session module's ini settings at this time
in SYSTEMPATH\Session\Handlers\FileHandler.php on line 72.
 1 [internal function]: CodeIgniter\Debug\Exceptions->errorHandler(2, 'ini_set(): A session is active. You cannot change the session module\'s ini settings at this time', 'D:\\WAMPP\\htdocs\\codeigniter4\\system\\Session\\Handlers\\FileHandler.php', 72, [...])
 2 SYSTEMPATH\Session\Handlers\FileHandler.php(72): ini_set('session.save_path', 'D:\\WAMPP\\htdocs\\codeigniter4\\writable\\session')
 3 SYSTEMPATH\Config\Services.php(686): CodeIgniter\Session\Handlers\FileHandler->__construct(Object(Config\Session), '::1')
 4 SYSTEMPATH\Config\BaseService.php(258): CodeIgniter\Config\Services::session(Object(Config\Session), false)
 5 SYSTEMPATH\Config\BaseService.php(199): CodeIgniter\Config\BaseService::__callStatic('session', [...])
 6 SYSTEMPATH\Config\Services.php(664): CodeIgniter\Config\BaseService::getSharedInstance('session', null)
 7 SYSTEMPATH\Config\BaseService.php(258): CodeIgniter\Config\Services::session()
 8 SYSTEMPATH\Common.php(982): CodeIgniter\Config\BaseService::__callStatic('session', [])
 9 SYSTEMPATH\CodeIgniter.php(1068): session()
10 SYSTEMPATH\CodeIgniter.php(549): CodeIgniter\CodeIgniter->storePreviousURL(Object(CodeIgniter\HTTP\SiteURI))
11 SYSTEMPATH\CodeIgniter.php(361): CodeIgniter\CodeIgniter->handleRequest(null, Object(Config\Cache), false)
12 FCPATH\index.php(79): CodeIgniter\CodeIgniter->run()
CRITICAL - 2024-03-02 12:41:48 --> ErrorException: ini_set(): A session is active. You cannot change the session module's ini settings at this time
in SYSTEMPATH\Session\Handlers\FileHandler.php on line 72.
 1 [internal function]: CodeIgniter\Debug\Exceptions->errorHandler(2, 'ini_set(): A session is active. You cannot change the session module\'s ini settings at this time', 'D:\\WAMPP\\htdocs\\codeigniter4\\system\\Session\\Handlers\\FileHandler.php', 72, [...])
 2 SYSTEMPATH\Session\Handlers\FileHandler.php(72): ini_set('session.save_path', 'D:\\WAMPP\\htdocs\\codeigniter4\\writable\\session')
 3 SYSTEMPATH\Config\Services.php(686): CodeIgniter\Session\Handlers\FileHandler->__construct(Object(Config\Session), '::1')
 4 SYSTEMPATH\Config\BaseService.php(258): CodeIgniter\Config\Services::session(Object(Config\Session), false)
 5 SYSTEMPATH\Config\BaseService.php(199): CodeIgniter\Config\BaseService::__callStatic('session', [...])
 6 SYSTEMPATH\Config\Services.php(664): CodeIgniter\Config\BaseService::getSharedInstance('session', null)
 7 SYSTEMPATH\Config\BaseService.php(258): CodeIgniter\Config\Services::session()
 8 SYSTEMPATH\Common.php(982): CodeIgniter\Config\BaseService::__callStatic('session', [])
 9 SYSTEMPATH\CodeIgniter.php(1068): session()
10 SYSTEMPATH\CodeIgniter.php(549): CodeIgniter\CodeIgniter->storePreviousURL(Object(CodeIgniter\HTTP\SiteURI))
11 SYSTEMPATH\CodeIgniter.php(361): CodeIgniter\CodeIgniter->handleRequest(null, Object(Config\Cache), false)
12 FCPATH\index.php(79): CodeIgniter\CodeIgniter->run()
CRITICAL - 2024-03-02 12:41:49 --> ErrorException: ini_set(): A session is active. You cannot change the session module's ini settings at this time
in SYSTEMPATH\Session\Handlers\FileHandler.php on line 72.
 1 [internal function]: CodeIgniter\Debug\Exceptions->errorHandler(2, 'ini_set(): A session is active. You cannot change the session module\'s ini settings at this time', 'D:\\WAMPP\\htdocs\\codeigniter4\\system\\Session\\Handlers\\FileHandler.php', 72, [...])
 2 SYSTEMPATH\Session\Handlers\FileHandler.php(72): ini_set('session.save_path', 'D:\\WAMPP\\htdocs\\codeigniter4\\writable\\session')
 3 SYSTEMPATH\Config\Services.php(686): CodeIgniter\Session\Handlers\FileHandler->__construct(Object(Config\Session), '::1')
 4 SYSTEMPATH\Config\BaseService.php(258): CodeIgniter\Config\Services::session(Object(Config\Session), false)
 5 SYSTEMPATH\Config\BaseService.php(199): CodeIgniter\Config\BaseService::__callStatic('session', [...])
 6 SYSTEMPATH\Config\Services.php(664): CodeIgniter\Config\BaseService::getSharedInstance('session', null)
 7 SYSTEMPATH\Config\BaseService.php(258): CodeIgniter\Config\Services::session()
 8 SYSTEMPATH\Common.php(982): CodeIgniter\Config\BaseService::__callStatic('session', [])
 9 SYSTEMPATH\CodeIgniter.php(1068): session()
10 SYSTEMPATH\CodeIgniter.php(549): CodeIgniter\CodeIgniter->storePreviousURL(Object(CodeIgniter\HTTP\SiteURI))
11 SYSTEMPATH\CodeIgniter.php(361): CodeIgniter\CodeIgniter->handleRequest(null, Object(Config\Cache), false)
12 FCPATH\index.php(79): CodeIgniter\CodeIgniter->run()
CRITICAL - 2024-03-02 12:41:49 --> ErrorException: ini_set(): A session is active. You cannot change the session module's ini settings at this time
in SYSTEMPATH\Session\Handlers\FileHandler.php on line 72.
 1 [internal function]: CodeIgniter\Debug\Exceptions->errorHandler(2, 'ini_set(): A session is active. You cannot change the session module\'s ini settings at this time', 'D:\\WAMPP\\htdocs\\codeigniter4\\system\\Session\\Handlers\\FileHandler.php', 72, [...])
 2 SYSTEMPATH\Session\Handlers\FileHandler.php(72): ini_set('session.save_path', 'D:\\WAMPP\\htdocs\\codeigniter4\\writable\\session')
 3 SYSTEMPATH\Config\Services.php(686): CodeIgniter\Session\Handlers\FileHandler->__construct(Object(Config\Session), '::1')
 4 SYSTEMPATH\Config\BaseService.php(258): CodeIgniter\Config\Services::session(Object(Config\Session), false)
 5 SYSTEMPATH\Config\BaseService.php(199): CodeIgniter\Config\BaseService::__callStatic('session', [...])
 6 SYSTEMPATH\Config\Services.php(664): CodeIgniter\Config\BaseService::getSharedInstance('session', null)
 7 SYSTEMPATH\Config\BaseService.php(258): CodeIgniter\Config\Services::session()
 8 SYSTEMPATH\Common.php(982): CodeIgniter\Config\BaseService::__callStatic('session', [])
 9 SYSTEMPATH\CodeIgniter.php(1068): session()
10 SYSTEMPATH\CodeIgniter.php(549): CodeIgniter\CodeIgniter->storePreviousURL(Object(CodeIgniter\HTTP\SiteURI))
11 SYSTEMPATH\CodeIgniter.php(361): CodeIgniter\CodeIgniter->handleRequest(null, Object(Config\Cache), false)
12 FCPATH\index.php(79): CodeIgniter\CodeIgniter->run()
CRITICAL - 2024-03-02 12:41:50 --> ErrorException: ini_set(): A session is active. You cannot change the session module's ini settings at this time
in SYSTEMPATH\Session\Handlers\FileHandler.php on line 72.
 1 [internal function]: CodeIgniter\Debug\Exceptions->errorHandler(2, 'ini_set(): A session is active. You cannot change the session module\'s ini settings at this time', 'D:\\WAMPP\\htdocs\\codeigniter4\\system\\Session\\Handlers\\FileHandler.php', 72, [...])
 2 SYSTEMPATH\Session\Handlers\FileHandler.php(72): ini_set('session.save_path', 'D:\\WAMPP\\htdocs\\codeigniter4\\writable\\session')
 3 SYSTEMPATH\Config\Services.php(686): CodeIgniter\Session\Handlers\FileHandler->__construct(Object(Config\Session), '::1')
 4 SYSTEMPATH\Config\BaseService.php(258): CodeIgniter\Config\Services::session(Object(Config\Session), false)
 5 SYSTEMPATH\Config\BaseService.php(199): CodeIgniter\Config\BaseService::__callStatic('session', [...])
 6 SYSTEMPATH\Config\Services.php(664): CodeIgniter\Config\BaseService::getSharedInstance('session', null)
 7 SYSTEMPATH\Config\BaseService.php(258): CodeIgniter\Config\Services::session()
 8 SYSTEMPATH\Common.php(982): CodeIgniter\Config\BaseService::__callStatic('session', [])
 9 SYSTEMPATH\CodeIgniter.php(1068): session()
10 SYSTEMPATH\CodeIgniter.php(549): CodeIgniter\CodeIgniter->storePreviousURL(Object(CodeIgniter\HTTP\SiteURI))
11 SYSTEMPATH\CodeIgniter.php(361): CodeIgniter\CodeIgniter->handleRequest(null, Object(Config\Cache), false)
12 FCPATH\index.php(79): CodeIgniter\CodeIgniter->run()
CRITICAL - 2024-03-02 12:41:50 --> ErrorException: ini_set(): A session is active. You cannot change the session module's ini settings at this time
in SYSTEMPATH\Session\Handlers\FileHandler.php on line 72.
 1 [internal function]: CodeIgniter\Debug\Exceptions->errorHandler(2, 'ini_set(): A session is active. You cannot change the session module\'s ini settings at this time', 'D:\\WAMPP\\htdocs\\codeigniter4\\system\\Session\\Handlers\\FileHandler.php', 72, [...])
 2 SYSTEMPATH\Session\Handlers\FileHandler.php(72): ini_set('session.save_path', 'D:\\WAMPP\\htdocs\\codeigniter4\\writable\\session')
 3 SYSTEMPATH\Config\Services.php(686): CodeIgniter\Session\Handlers\FileHandler->__construct(Object(Config\Session), '::1')
 4 SYSTEMPATH\Config\BaseService.php(258): CodeIgniter\Config\Services::session(Object(Config\Session), false)
 5 SYSTEMPATH\Config\BaseService.php(199): CodeIgniter\Config\BaseService::__callStatic('session', [...])
 6 SYSTEMPATH\Config\Services.php(664): CodeIgniter\Config\BaseService::getSharedInstance('session', null)
 7 SYSTEMPATH\Config\BaseService.php(258): CodeIgniter\Config\Services::session()
 8 SYSTEMPATH\Common.php(982): CodeIgniter\Config\BaseService::__callStatic('session', [])
 9 SYSTEMPATH\CodeIgniter.php(1068): session()
10 SYSTEMPATH\CodeIgniter.php(549): CodeIgniter\CodeIgniter->storePreviousURL(Object(CodeIgniter\HTTP\SiteURI))
11 SYSTEMPATH\CodeIgniter.php(361): CodeIgniter\CodeIgniter->handleRequest(null, Object(Config\Cache), false)
12 FCPATH\index.php(79): CodeIgniter\CodeIgniter->run()
CRITICAL - 2024-03-02 12:41:50 --> ErrorException: ini_set(): A session is active. You cannot change the session module's ini settings at this time
in SYSTEMPATH\Session\Handlers\FileHandler.php on line 72.
 1 [internal function]: CodeIgniter\Debug\Exceptions->errorHandler(2, 'ini_set(): A session is active. You cannot change the session module\'s ini settings at this time', 'D:\\WAMPP\\htdocs\\codeigniter4\\system\\Session\\Handlers\\FileHandler.php', 72, [...])
 2 SYSTEMPATH\Session\Handlers\FileHandler.php(72): ini_set('session.save_path', 'D:\\WAMPP\\htdocs\\codeigniter4\\writable\\session')
 3 SYSTEMPATH\Config\Services.php(686): CodeIgniter\Session\Handlers\FileHandler->__construct(Object(Config\Session), '::1')
 4 SYSTEMPATH\Config\BaseService.php(258): CodeIgniter\Config\Services::session(Object(Config\Session), false)
 5 SYSTEMPATH\Config\BaseService.php(199): CodeIgniter\Config\BaseService::__callStatic('session', [...])
 6 SYSTEMPATH\Config\Services.php(664): CodeIgniter\Config\BaseService::getSharedInstance('session', null)
 7 SYSTEMPATH\Config\BaseService.php(258): CodeIgniter\Config\Services::session()
 8 SYSTEMPATH\Common.php(982): CodeIgniter\Config\BaseService::__callStatic('session', [])
 9 SYSTEMPATH\CodeIgniter.php(1068): session()
10 SYSTEMPATH\CodeIgniter.php(549): CodeIgniter\CodeIgniter->storePreviousURL(Object(CodeIgniter\HTTP\SiteURI))
11 SYSTEMPATH\CodeIgniter.php(361): CodeIgniter\CodeIgniter->handleRequest(null, Object(Config\Cache), false)
12 FCPATH\index.php(79): CodeIgniter\CodeIgniter->run()
CRITICAL - 2024-03-02 12:41:51 --> ErrorException: ini_set(): A session is active. You cannot change the session module's ini settings at this time
in SYSTEMPATH\Session\Handlers\FileHandler.php on line 72.
 1 [internal function]: CodeIgniter\Debug\Exceptions->errorHandler(2, 'ini_set(): A session is active. You cannot change the session module\'s ini settings at this time', 'D:\\WAMPP\\htdocs\\codeigniter4\\system\\Session\\Handlers\\FileHandler.php', 72, [...])
 2 SYSTEMPATH\Session\Handlers\FileHandler.php(72): ini_set('session.save_path', 'D:\\WAMPP\\htdocs\\codeigniter4\\writable\\session')
 3 SYSTEMPATH\Config\Services.php(686): CodeIgniter\Session\Handlers\FileHandler->__construct(Object(Config\Session), '::1')
 4 SYSTEMPATH\Config\BaseService.php(258): CodeIgniter\Config\Services::session(Object(Config\Session), false)
 5 SYSTEMPATH\Config\BaseService.php(199): CodeIgniter\Config\BaseService::__callStatic('session', [...])
 6 SYSTEMPATH\Config\Services.php(664): CodeIgniter\Config\BaseService::getSharedInstance('session', null)
 7 SYSTEMPATH\Config\BaseService.php(258): CodeIgniter\Config\Services::session()
 8 SYSTEMPATH\Common.php(982): CodeIgniter\Config\BaseService::__callStatic('session', [])
 9 SYSTEMPATH\CodeIgniter.php(1068): session()
10 SYSTEMPATH\CodeIgniter.php(549): CodeIgniter\CodeIgniter->storePreviousURL(Object(CodeIgniter\HTTP\SiteURI))
11 SYSTEMPATH\CodeIgniter.php(361): CodeIgniter\CodeIgniter->handleRequest(null, Object(Config\Cache), false)
12 FCPATH\index.php(79): CodeIgniter\CodeIgniter->run()
CRITICAL - 2024-03-02 12:41:51 --> ErrorException: ini_set(): A session is active. You cannot change the session module's ini settings at this time
in SYSTEMPATH\Session\Handlers\FileHandler.php on line 72.
 1 [internal function]: CodeIgniter\Debug\Exceptions->errorHandler(2, 'ini_set(): A session is active. You cannot change the session module\'s ini settings at this time', 'D:\\WAMPP\\htdocs\\codeigniter4\\system\\Session\\Handlers\\FileHandler.php', 72, [...])
 2 SYSTEMPATH\Session\Handlers\FileHandler.php(72): ini_set('session.save_path', 'D:\\WAMPP\\htdocs\\codeigniter4\\writable\\session')
 3 SYSTEMPATH\Config\Services.php(686): CodeIgniter\Session\Handlers\FileHandler->__construct(Object(Config\Session), '::1')
 4 SYSTEMPATH\Config\BaseService.php(258): CodeIgniter\Config\Services::session(Object(Config\Session), false)
 5 SYSTEMPATH\Config\BaseService.php(199): CodeIgniter\Config\BaseService::__callStatic('session', [...])
 6 SYSTEMPATH\Config\Services.php(664): CodeIgniter\Config\BaseService::getSharedInstance('session', null)
 7 SYSTEMPATH\Config\BaseService.php(258): CodeIgniter\Config\Services::session()
 8 SYSTEMPATH\Common.php(982): CodeIgniter\Config\BaseService::__callStatic('session', [])
 9 SYSTEMPATH\CodeIgniter.php(1068): session()
10 SYSTEMPATH\CodeIgniter.php(549): CodeIgniter\CodeIgniter->storePreviousURL(Object(CodeIgniter\HTTP\SiteURI))
11 SYSTEMPATH\CodeIgniter.php(361): CodeIgniter\CodeIgniter->handleRequest(null, Object(Config\Cache), false)
12 FCPATH\index.php(79): CodeIgniter\CodeIgniter->run()
CRITICAL - 2024-03-02 12:41:53 --> ErrorException: ini_set(): A session is active. You cannot change the session module's ini settings at this time
in SYSTEMPATH\Session\Handlers\FileHandler.php on line 72.
 1 [internal function]: CodeIgniter\Debug\Exceptions->errorHandler(2, 'ini_set(): A session is active. You cannot change the session module\'s ini settings at this time', 'D:\\WAMPP\\htdocs\\codeigniter4\\system\\Session\\Handlers\\FileHandler.php', 72, [...])
 2 SYSTEMPATH\Session\Handlers\FileHandler.php(72): ini_set('session.save_path', 'D:\\WAMPP\\htdocs\\codeigniter4\\writable\\session')
 3 SYSTEMPATH\Config\Services.php(686): CodeIgniter\Session\Handlers\FileHandler->__construct(Object(Config\Session), '::1')
 4 SYSTEMPATH\Config\BaseService.php(258): CodeIgniter\Config\Services::session(Object(Config\Session), false)
 5 SYSTEMPATH\Config\BaseService.php(199): CodeIgniter\Config\BaseService::__callStatic('session', [...])
 6 SYSTEMPATH\Config\Services.php(664): CodeIgniter\Config\BaseService::getSharedInstance('session', null)
 7 SYSTEMPATH\Config\BaseService.php(258): CodeIgniter\Config\Services::session()
 8 SYSTEMPATH\Common.php(982): CodeIgniter\Config\BaseService::__callStatic('session', [])
 9 SYSTEMPATH\CodeIgniter.php(1068): session()
10 SYSTEMPATH\CodeIgniter.php(549): CodeIgniter\CodeIgniter->storePreviousURL(Object(CodeIgniter\HTTP\SiteURI))
11 SYSTEMPATH\CodeIgniter.php(361): CodeIgniter\CodeIgniter->handleRequest(null, Object(Config\Cache), false)
12 FCPATH\index.php(79): CodeIgniter\CodeIgniter->run()
CRITICAL - 2024-03-02 13:57:31 --> ErrorException: Undefined variable: navbar
in APPPATH\Views\index.php on line 44.
 1 APPPATH\Views\index.php(44): CodeIgniter\Debug\Exceptions->errorHandler(8, 'Undefined variable: navbar', 'D:\\WAMPP\\htdocs\\codeigniter4\\app\\Views\\index.php', 44, [])
 2 SYSTEMPATH\View\View.php(228): include('D:\\WAMPP\\htdocs\\codeigniter4\\app\\Views\\index.php')
 3 SYSTEMPATH\View\View.php(231): CodeIgniter\View\View->CodeIgniter\View\{closure}()
 4 SYSTEMPATH\Common.php(1178): CodeIgniter\View\View->render('index', [], true)
 5 APPPATH\Controllers\Home.php(9): view('index')
 6 SYSTEMPATH\CodeIgniter.php(941): App\Controllers\Home->index()
 7 SYSTEMPATH\CodeIgniter.php(502): CodeIgniter\CodeIgniter->runController(Object(App\Controllers\Home))
 8 SYSTEMPATH\CodeIgniter.php(361): CodeIgniter\CodeIgniter->handleRequest(null, Object(Config\Cache), false)
 9 FCPATH\index.php(79): CodeIgniter\CodeIgniter->run()
CRITICAL - 2024-03-02 13:57:32 --> ErrorException: Undefined variable: navbar
in APPPATH\Views\index.php on line 44.
 1 APPPATH\Views\index.php(44): CodeIgniter\Debug\Exceptions->errorHandler(8, 'Undefined variable: navbar', 'D:\\WAMPP\\htdocs\\codeigniter4\\app\\Views\\index.php', 44, [])
 2 SYSTEMPATH\View\View.php(228): include('D:\\WAMPP\\htdocs\\codeigniter4\\app\\Views\\index.php')
 3 SYSTEMPATH\View\View.php(231): CodeIgniter\View\View->CodeIgniter\View\{closure}()
 4 SYSTEMPATH\Common.php(1178): CodeIgniter\View\View->render('index', [], true)
 5 APPPATH\Controllers\Home.php(9): view('index')
 6 SYSTEMPATH\CodeIgniter.php(941): App\Controllers\Home->index()
 7 SYSTEMPATH\CodeIgniter.php(502): CodeIgniter\CodeIgniter->runController(Object(App\Controllers\Home))
 8 SYSTEMPATH\CodeIgniter.php(361): CodeIgniter\CodeIgniter->handleRequest(null, Object(Config\Cache), false)
 9 FCPATH\index.php(79): CodeIgniter\CodeIgniter->run()
CRITICAL - 2024-03-02 13:57:33 --> ErrorException: Undefined variable: navbar
in APPPATH\Views\index.php on line 44.
 1 APPPATH\Views\index.php(44): CodeIgniter\Debug\Exceptions->errorHandler(8, 'Undefined variable: navbar', 'D:\\WAMPP\\htdocs\\codeigniter4\\app\\Views\\index.php', 44, [])
 2 SYSTEMPATH\View\View.php(228): include('D:\\WAMPP\\htdocs\\codeigniter4\\app\\Views\\index.php')
 3 SYSTEMPATH\View\View.php(231): CodeIgniter\View\View->CodeIgniter\View\{closure}()
 4 SYSTEMPATH\Common.php(1178): CodeIgniter\View\View->render('index', [], true)
 5 APPPATH\Controllers\Home.php(9): view('index')
 6 SYSTEMPATH\CodeIgniter.php(941): App\Controllers\Home->index()
 7 SYSTEMPATH\CodeIgniter.php(502): CodeIgniter\CodeIgniter->runController(Object(App\Controllers\Home))
 8 SYSTEMPATH\CodeIgniter.php(361): CodeIgniter\CodeIgniter->handleRequest(null, Object(Config\Cache), false)
 9 FCPATH\index.php(79): CodeIgniter\CodeIgniter->run()
CRITICAL - 2024-03-02 13:57:52 --> ErrorException: Undefined variable: navbar
in APPPATH\Views\index.php on line 44.
 1 APPPATH\Views\index.php(44): CodeIgniter\Debug\Exceptions->errorHandler(8, 'Undefined variable: navbar', 'D:\\WAMPP\\htdocs\\codeigniter4\\app\\Views\\index.php', 44, [])
 2 SYSTEMPATH\View\View.php(228): include('D:\\WAMPP\\htdocs\\codeigniter4\\app\\Views\\index.php')
 3 SYSTEMPATH\View\View.php(231): CodeIgniter\View\View->CodeIgniter\View\{closure}()
 4 SYSTEMPATH\Common.php(1178): CodeIgniter\View\View->render('index', [], true)
 5 APPPATH\Controllers\Home.php(9): view('index')
 6 SYSTEMPATH\CodeIgniter.php(941): App\Controllers\Home->index()
 7 SYSTEMPATH\CodeIgniter.php(502): CodeIgniter\CodeIgniter->runController(Object(App\Controllers\Home))
 8 SYSTEMPATH\CodeIgniter.php(361): CodeIgniter\CodeIgniter->handleRequest(null, Object(Config\Cache), false)
 9 FCPATH\index.php(79): CodeIgniter\CodeIgniter->run()
CRITICAL - 2024-03-02 13:57:53 --> ErrorException: Undefined variable: navbar
in APPPATH\Views\index.php on line 44.
 1 APPPATH\Views\index.php(44): CodeIgniter\Debug\Exceptions->errorHandler(8, 'Undefined variable: navbar', 'D:\\WAMPP\\htdocs\\codeigniter4\\app\\Views\\index.php', 44, [])
 2 SYSTEMPATH\View\View.php(228): include('D:\\WAMPP\\htdocs\\codeigniter4\\app\\Views\\index.php')
 3 SYSTEMPATH\View\View.php(231): CodeIgniter\View\View->CodeIgniter\View\{closure}()
 4 SYSTEMPATH\Common.php(1178): CodeIgniter\View\View->render('index', [], true)
 5 APPPATH\Controllers\Home.php(9): view('index')
 6 SYSTEMPATH\CodeIgniter.php(941): App\Controllers\Home->index()
 7 SYSTEMPATH\CodeIgniter.php(502): CodeIgniter\CodeIgniter->runController(Object(App\Controllers\Home))
 8 SYSTEMPATH\CodeIgniter.php(361): CodeIgniter\CodeIgniter->handleRequest(null, Object(Config\Cache), false)
 9 FCPATH\index.php(79): CodeIgniter\CodeIgniter->run()
CRITICAL - 2024-03-02 14:18:39 --> ErrorException: Cannot modify header information - headers already sent by (output started at D:\WAMPP\htdocs\codeigniter4\app\Config\Events.php:33)
in SYSTEMPATH\Debug\Toolbar.php on line 450.
 1 [internal function]: CodeIgniter\Debug\Exceptions->errorHandler(2, 'Cannot modify header information - headers already sent by (output started at D:\\WAMPP\\htdocs\\codeigniter4\\app\\Config\\Events.php:33)', 'D:\\WAMPP\\htdocs\\codeigniter4\\system\\Debug\\Toolbar.php', 450, [...])
 2 SYSTEMPATH\Debug\Toolbar.php(450): header('Content-Type: application/javascript')
 3 APPPATH\Config\Events.php(47): CodeIgniter\Debug\Toolbar->respond()
 4 SYSTEMPATH\Events\Events.php(154): CodeIgniter\Events\Events::Config\{closure}()
 5 SYSTEMPATH\CodeIgniter.php(442): CodeIgniter\Events\Events::trigger('pre_system')
 6 SYSTEMPATH\CodeIgniter.php(361): CodeIgniter\CodeIgniter->handleRequest(null, Object(Config\Cache), false)
 7 FCPATH\index.php(79): CodeIgniter\CodeIgniter->run()
CRITICAL - 2024-03-02 14:27:18 --> ErrorException: Use of undefined constant IMAGES - assumed 'IMAGES' (this will throw an Error in a future version of PHP)
in APPPATH\Views\index.php on line 53.
 1 APPPATH\Views\index.php(53): CodeIgniter\Debug\Exceptions->errorHandler(2, 'Use of undefined constant IMAGES - assumed \'IMAGES\' (this will throw an Error in a future version of PHP)', 'D:\\WAMPP\\htdocs\\codeigniter4\\app\\Views\\index.php', 53, [])
 2 SYSTEMPATH\View\View.php(228): include('D:\\WAMPP\\htdocs\\codeigniter4\\app\\Views\\index.php')
 3 SYSTEMPATH\View\View.php(231): CodeIgniter\View\View->CodeIgniter\View\{closure}()
 4 SYSTEMPATH\Common.php(1178): CodeIgniter\View\View->render('index', [], true)
 5 APPPATH\Controllers\Home.php(9): view('index')
 6 SYSTEMPATH\CodeIgniter.php(941): App\Controllers\Home->index()
 7 SYSTEMPATH\CodeIgniter.php(502): CodeIgniter\CodeIgniter->runController(Object(App\Controllers\Home))
 8 SYSTEMPATH\CodeIgniter.php(361): CodeIgniter\CodeIgniter->handleRequest(null, Object(Config\Cache), false)
 9 FCPATH\index.php(79): CodeIgniter\CodeIgniter->run()
CRITICAL - 2024-03-02 14:27:20 --> ErrorException: Use of undefined constant IMAGES - assumed 'IMAGES' (this will throw an Error in a future version of PHP)
in APPPATH\Views\index.php on line 53.
 1 APPPATH\Views\index.php(53): CodeIgniter\Debug\Exceptions->errorHandler(2, 'Use of undefined constant IMAGES - assumed \'IMAGES\' (this will throw an Error in a future version of PHP)', 'D:\\WAMPP\\htdocs\\codeigniter4\\app\\Views\\index.php', 53, [])
 2 SYSTEMPATH\View\View.php(228): include('D:\\WAMPP\\htdocs\\codeigniter4\\app\\Views\\index.php')
 3 SYSTEMPATH\View\View.php(231): CodeIgniter\View\View->CodeIgniter\View\{closure}()
 4 SYSTEMPATH\Common.php(1178): CodeIgniter\View\View->render('index', [], true)
 5 APPPATH\Controllers\Home.php(9): view('index')
 6 SYSTEMPATH\CodeIgniter.php(941): App\Controllers\Home->index()
 7 SYSTEMPATH\CodeIgniter.php(502): CodeIgniter\CodeIgniter->runController(Object(App\Controllers\Home))
 8 SYSTEMPATH\CodeIgniter.php(361): CodeIgniter\CodeIgniter->handleRequest(null, Object(Config\Cache), false)
 9 FCPATH\index.php(79): CodeIgniter\CodeIgniter->run()
CRITICAL - 2024-03-02 14:27:31 --> ErrorException: Use of undefined constant IMAGES - assumed 'IMAGES' (this will throw an Error in a future version of PHP)
in APPPATH\Views\index.php on line 53.
 1 APPPATH\Views\index.php(53): CodeIgniter\Debug\Exceptions->errorHandler(2, 'Use of undefined constant IMAGES - assumed \'IMAGES\' (this will throw an Error in a future version of PHP)', 'D:\\WAMPP\\htdocs\\codeigniter4\\app\\Views\\index.php', 53, [])
 2 SYSTEMPATH\View\View.php(228): include('D:\\WAMPP\\htdocs\\codeigniter4\\app\\Views\\index.php')
 3 SYSTEMPATH\View\View.php(231): CodeIgniter\View\View->CodeIgniter\View\{closure}()
 4 SYSTEMPATH\Common.php(1178): CodeIgniter\View\View->render('index', [], true)
 5 APPPATH\Controllers\Home.php(9): view('index')
 6 SYSTEMPATH\CodeIgniter.php(941): App\Controllers\Home->index()
 7 SYSTEMPATH\CodeIgniter.php(502): CodeIgniter\CodeIgniter->runController(Object(App\Controllers\Home))
 8 SYSTEMPATH\CodeIgniter.php(361): CodeIgniter\CodeIgniter->handleRequest(null, Object(Config\Cache), false)
 9 FCPATH\index.php(79): CodeIgniter\CodeIgniter->run()
CRITICAL - 2024-03-02 14:27:37 --> ErrorException: Use of undefined constant IMAGES - assumed 'IMAGES' (this will throw an Error in a future version of PHP)
in APPPATH\Views\index.php on line 53.
 1 APPPATH\Views\index.php(53): CodeIgniter\Debug\Exceptions->errorHandler(2, 'Use of undefined constant IMAGES - assumed \'IMAGES\' (this will throw an Error in a future version of PHP)', 'D:\\WAMPP\\htdocs\\codeigniter4\\app\\Views\\index.php', 53, [])
 2 SYSTEMPATH\View\View.php(228): include('D:\\WAMPP\\htdocs\\codeigniter4\\app\\Views\\index.php')
 3 SYSTEMPATH\View\View.php(231): CodeIgniter\View\View->CodeIgniter\View\{closure}()
 4 SYSTEMPATH\Common.php(1178): CodeIgniter\View\View->render('index', [], true)
 5 APPPATH\Controllers\Home.php(9): view('index')
 6 SYSTEMPATH\CodeIgniter.php(941): App\Controllers\Home->index()
 7 SYSTEMPATH\CodeIgniter.php(502): CodeIgniter\CodeIgniter->runController(Object(App\Controllers\Home))
 8 SYSTEMPATH\CodeIgniter.php(361): CodeIgniter\CodeIgniter->handleRequest(null, Object(Config\Cache), false)
 9 FCPATH\index.php(79): CodeIgniter\CodeIgniter->run()
CRITICAL - 2024-03-02 14:27:38 --> ErrorException: Use of undefined constant IMAGES - assumed 'IMAGES' (this will throw an Error in a future version of PHP)
in APPPATH\Views\index.php on line 53.
 1 APPPATH\Views\index.php(53): CodeIgniter\Debug\Exceptions->errorHandler(2, 'Use of undefined constant IMAGES - assumed \'IMAGES\' (this will throw an Error in a future version of PHP)', 'D:\\WAMPP\\htdocs\\codeigniter4\\app\\Views\\index.php', 53, [])
 2 SYSTEMPATH\View\View.php(228): include('D:\\WAMPP\\htdocs\\codeigniter4\\app\\Views\\index.php')
 3 SYSTEMPATH\View\View.php(231): CodeIgniter\View\View->CodeIgniter\View\{closure}()
 4 SYSTEMPATH\Common.php(1178): CodeIgniter\View\View->render('index', [], true)
 5 APPPATH\Controllers\Home.php(9): view('index')
 6 SYSTEMPATH\CodeIgniter.php(941): App\Controllers\Home->index()
 7 SYSTEMPATH\CodeIgniter.php(502): CodeIgniter\CodeIgniter->runController(Object(App\Controllers\Home))
 8 SYSTEMPATH\CodeIgniter.php(361): CodeIgniter\CodeIgniter->handleRequest(null, Object(Config\Cache), false)
 9 FCPATH\index.php(79): CodeIgniter\CodeIgniter->run()
CRITICAL - 2024-03-02 14:27:45 --> ErrorException: Use of undefined constant IMAGES - assumed 'IMAGES' (this will throw an Error in a future version of PHP)
in APPPATH\Views\index.php on line 53.
 1 APPPATH\Views\index.php(53): CodeIgniter\Debug\Exceptions->errorHandler(2, 'Use of undefined constant IMAGES - assumed \'IMAGES\' (this will throw an Error in a future version of PHP)', 'D:\\WAMPP\\htdocs\\codeigniter4\\app\\Views\\index.php', 53, [])
 2 SYSTEMPATH\View\View.php(228): include('D:\\WAMPP\\htdocs\\codeigniter4\\app\\Views\\index.php')
 3 SYSTEMPATH\View\View.php(231): CodeIgniter\View\View->CodeIgniter\View\{closure}()
 4 SYSTEMPATH\Common.php(1178): CodeIgniter\View\View->render('index', [], true)
 5 APPPATH\Controllers\Home.php(9): view('index')
 6 SYSTEMPATH\CodeIgniter.php(941): App\Controllers\Home->index()
 7 SYSTEMPATH\CodeIgniter.php(502): CodeIgniter\CodeIgniter->runController(Object(App\Controllers\Home))
 8 SYSTEMPATH\CodeIgniter.php(361): CodeIgniter\CodeIgniter->handleRequest(null, Object(Config\Cache), false)
 9 FCPATH\index.php(79): CodeIgniter\CodeIgniter->run()
CRITICAL - 2024-03-02 14:29:01 --> ErrorException: Use of undefined constant IMAGES - assumed 'IMAGES' (this will throw an Error in a future version of PHP)
in APPPATH\Views\navbar.php on line 2.
 1 APPPATH\Views\navbar.php(2): CodeIgniter\Debug\Exceptions->errorHandler(2, 'Use of undefined constant IMAGES - assumed \'IMAGES\' (this will throw an Error in a future version of PHP)', 'D:\\WAMPP\\htdocs\\codeigniter4\\app\\Views\\navbar.php', 2, [])
 2 APPPATH\Views\index.php(37): include('D:\\WAMPP\\htdocs\\codeigniter4\\app\\Views\\navbar.php')
 3 SYSTEMPATH\View\View.php(228): include('D:\\WAMPP\\htdocs\\codeigniter4\\app\\Views\\index.php')
 4 SYSTEMPATH\View\View.php(231): CodeIgniter\View\View->CodeIgniter\View\{closure}()
 5 SYSTEMPATH\Common.php(1178): CodeIgniter\View\View->render('index', [], true)
 6 APPPATH\Controllers\Home.php(9): view('index')
 7 SYSTEMPATH\CodeIgniter.php(941): App\Controllers\Home->index()
 8 SYSTEMPATH\CodeIgniter.php(502): CodeIgniter\CodeIgniter->runController(Object(App\Controllers\Home))
 9 SYSTEMPATH\CodeIgniter.php(361): CodeIgniter\CodeIgniter->handleRequest(null, Object(Config\Cache), false)
10 FCPATH\index.php(79): CodeIgniter\CodeIgniter->run()
